# JRE version: OpenJDK Runtime Environment Zulu11.60+19-CA (11.0.17+8) (build 11.0.17+8-LTS)
# Java VM: OpenJDK 64-Bit Server VM Zulu11.60+19-CA (11.0.17+8-LTS, mixed mode, tiered, compressed oops, g1 gc, windows-amd64)
Heap:
 garbage-first heap   total 262144K, used 45357K [0x0000000701600000, 0x0000000800000000)
  region size 1024K, 41 young (41984K), 4 survivors (4096K)
 Metaspace       used 33446K, capacity 34350K, committed 34560K, reserved 1079296K
  class space    used 3922K, capacity 4253K, committed 4352K, reserved 1048576K
GC Heap History (6 events):
Event: 0.423 GC heap before
{Heap before GC invocations=0 (full 0):
 garbage-first heap   total 262144K, used 24576K [0x0000000701600000, 0x0000000800000000)
  region size 1024K, 24 young (24576K), 0 survivors (0K)
 Metaspace       used 14214K, capacity 14541K, committed 14592K, reserved 1062912K
  class space    used 1401K, capacity 1513K, committed 1536K, reserved 1048576K
}
Event: 0.426 GC heap after
{Heap after GC invocations=1 (full 0):
 garbage-first heap   total 262144K, used 4751K [0x0000000701600000, 0x0000000800000000)
  region size 1024K, 3 young (3072K), 3 survivors (3072K)
 Metaspace       used 14214K, capacity 14541K, committed 14592K, reserved 1062912K
  class space    used 1401K, capacity 1513K, committed 1536K, reserved 1048576K
}
Event: 0.676 GC heap before
{Heap before GC invocations=1 (full 0):
 garbage-first heap   total 262144K, used 33423K [0x0000000701600000, 0x0000000800000000)
  region size 1024K, 32 young (32768K), 3 survivors (3072K)
 Metaspace       used 20602K, capacity 21113K, committed 21248K, reserved 1069056K
  class space    used 2279K, capacity 2469K, committed 2560K, reserved 1048576K
}
Event: 0.679 GC heap after
{Heap after GC invocations=2 (full 0):
 garbage-first heap   total 262144K, used 6203K [0x0000000701600000, 0x0000000800000000)
  region size 1024K, 5 young (5120K), 5 survivors (5120K)
 Metaspace       used 20602K, capacity 21113K, committed 21248K, reserved 1069056K
  class space    used 2279K, capacity 2469K, committed 2560K, reserved 1048576K
}
Event: 0.909 GC heap before
{Heap before GC invocations=3 (full 0):
 garbage-first heap   total 262144K, used 49211K [0x0000000701600000, 0x0000000800000000)
  region size 1024K, 48 young (49152K), 5 survivors (5120K)
 Metaspace       used 27432K, capacity 28048K, committed 28288K, reserved 1075200K
  class space    used 3103K, capacity 3348K, committed 3456K, reserved 1048576K
}
Event: 0.912 GC heap after
{Heap after GC invocations=4 (full 0):
 garbage-first heap   total 262144K, used 8493K [0x0000000701600000, 0x0000000800000000)
  region size 1024K, 4 young (4096K), 4 survivors (4096K)
 Metaspace       used 27432K, capacity 28048K, committed 28288K, reserved 1075200K
  class space    used 3103K, capacity 3348K, committed 3456K, reserved 1048576K
}

